android/build/outputs/logs/manifest-merger-debug-report.txt
-- Merging decision tree log ---
manifest
ADDED from Libgdx-minigames\android\AndroidManifest.xml:2:1-25:12
INJECTED from Libgdx-minigames\android\AndroidManifest.xml:2:1-25:12
INJECTED from Libgdx-minigames\android\AndroidManifest.xml:2:1-25:12
INJECTED from Libgdx-minigames\android\AndroidManifest.xml:2:1-25:12
INJECTED from Libgdx-minigames\android\AndroidManifest.xml:2:1-25:12
INJECTED from Libgdx-minigames\android\AndroidManifest.xml:2:1-25:12
INJECTED from Libgdx-minigames\android\AndroidManifest.xml:2:1-25:12
	package
		ADDED from Libgdx-minigames\android\AndroidManifest.xml:3:5-29
		INJECTED from Libgdx-minigames\android\AndroidManifest.xml
		INJECTED from Libgdx-minigames\android\AndroidManifest.xml
	android:versionName
		INJECTED from Libgdx-minigames\android\AndroidManifest.xml
		ADDED from Libgdx-minigames\android\AndroidManifest.xml:2:1-25:12
		INJECTED from Libgdx-minigames\android\AndroidManifest.xml
	android:versionCode
		INJECTED from Libgdx-minigames\android\AndroidManifest.xml
		ADDED from Libgdx-minigames\android\AndroidManifest.xml:2:1-25:12
		INJECTED from Libgdx-minigames\android\AndroidManifest.xml
	xmlns:android
		ADDED from Libgdx-minigames\android\AndroidManifest.xml:2:11-69
uses-permission#android.permission.INTERNET
ADDED from Libgdx-minigames\android\AndroidManifest.xml:4:5-67
	android:name
		ADDED from Libgdx-minigames\android\AndroidManifest.xml:4:22-64
uses-permission#android.permission.ACCESS_NETWORK_STATE
ADDED from Libgdx-minigames\android\AndroidManifest.xml:5:5-79
	android:name
		ADDED from Libgdx-minigames\android\AndroidManifest.xml:5:22-76
application
ADDED from Libgdx-minigames\android\AndroidManifest.xml:6:5-24:19
	android:label
		ADDED from Libgdx-minigames\android\AndroidManifest.xml:12:9-41
	android:appCategory
		ADDED from Libgdx-minigames\android\AndroidManifest.xml:11:9-35
	android:icon
		ADDED from Libgdx-minigames\android\AndroidManifest.xml:9:9-45
	android:allowBackup
		ADDED from Libgdx-minigames\android\AndroidManifest.xml:8:9-35
	android:theme
		ADDED from Libgdx-minigames\android\AndroidManifest.xml:13:9-40
	android:networkSecurityConfig
		ADDED from Libgdx-minigames\android\AndroidManifest.xml:7:9-69
	android:isGame
		ADDED from Libgdx-minigames\android\AndroidManifest.xml:10:9-30
activity#com.mygdx.game.AndroidLauncher
ADDED from Libgdx-minigames\android\AndroidManifest.xml:14:9-23:20
	android:screenOrientation
		ADDED from Libgdx-minigames\android\AndroidManifest.xml:17:13-51
	android:label
		ADDED from Libgdx-minigames\android\AndroidManifest.xml:16:13-45
	android:configChanges
		ADDED from Libgdx-minigames\android\AndroidManifest.xml:18:13-107
	android:name
		ADDED from Libgdx-minigames\android\AndroidManifest.xml:15:13-58
intent-filter#android.intent.action.MAIN+android.intent.category.LAUNCHER
ADDED from Libgdx-minigames\android\AndroidManifest.xml:19:13-22:29
action#android.intent.action.MAIN
ADDED from Libgdx-minigames\android\AndroidManifest.xml:20:17-69
	android:name
		ADDED from Libgdx-minigames\android\AndroidManifest.xml:20:25-66
category#android.intent.category.LAUNCHER
ADDED from Libgdx-minigames\android\AndroidManifest.xml:21:17-77
	android:name
		ADDED from Libgdx-minigames\android\AndroidManifest.xml:21:27-74
uses-sdk
INJECTED from Libgdx-minigames\android\AndroidManifest.xml reason: use-sdk injection requested
INJECTED from Libgdx-minigames\android\AndroidManifest.xml
INJECTED from Libgdx-minigames\android\AndroidManifest.xml
INJECTED from Libgdx-minigames\android\AndroidManifest.xml
INJECTED from Libgdx-minigames\android\AndroidManifest.xml
	android:targetSdkVersion
		INJECTED from Libgdx-minigames\android\AndroidManifest.xml
		ADDED from Libgdx-minigames\android\AndroidManifest.xml
		INJECTED from Libgdx-minigames\android\AndroidManifest.xml
	android:minSdkVersion
		INJECTED from Libgdx-minigames\android\AndroidManifest.xml
		ADDED from Libgdx-minigames\android\AndroidManifest.xml
		INJECTED from Libgdx-minigames\android\AndroidManifest.xml